Flow report for Farrow_filters
Mon May  8 17:42:33 2023
Quartus Prime Version 22.1std.1 Build 917 02/14/2023 SC Lite Edition


---------------------
; Table of Contents ;
---------------------
  1. Legal Notice
  2. Flow Summary
  3. Flow Settings
  4. Flow Non-Default Global Settings
  5. Flow Elapsed Time
  6. Flow OS Summary
  7. Flow Log
  8. Flow Messages
  9. Flow Suppressed Messages



----------------
; Legal Notice ;
----------------
Copyright (C) 2023  Intel Corporation. All rights reserved.
Your use of Intel Corporation's design tools, logic functions 
and other software and tools, and any partner logic 
functions, and any output files from any of the foregoing 
(including device programming or simulation files), and any 
associated documentation or information are expressly subject 
to the terms and conditions of the Intel Program License 
Subscription Agreement, the Intel Quartus Prime License Agreement,
the Intel FPGA IP License Agreement, or other applicable license
agreement, including, without limitation, that your use is for
the sole purpose of programming logic devices manufactured by
Intel and sold by Intel or its authorized distributors.  Please
refer to the applicable agreement for further details, at
https://fpgasoftware.intel.com/eula.



+------------------------------------------------------------------------------------+
; Flow Summary                                                                       ;
+-----------------------------------+------------------------------------------------+
; Flow Status                       ; Successful - Mon May  8 17:42:33 2023          ;
; Quartus Prime Version             ; 22.1std.1 Build 917 02/14/2023 SC Lite Edition ;
; Revision Name                     ; Farrow_filters                                 ;
; Top-level Entity Name             ; Farrow_Canonic                                 ;
; Family                            ; Arria II GX                                    ;
; Logic utilization                 ; 2 %                                            ;
;     Combinational ALUTs           ; 603 / 36,100 ( 2 % )                           ;
;     Memory ALUTs                  ; 16 / 18,050 ( < 1 % )                          ;
;     Dedicated logic registers     ; 354 / 36,100 ( < 1 % )                         ;
; Total registers                   ; 370                                            ;
; Total pins                        ; 48 / 176 ( 27 % )                              ;
; Total virtual pins                ; 0                                              ;
; Total block memory bits           ; 72 / 2,939,904 ( < 1 % )                       ;
; DSP block 18-bit elements         ; 12 / 232 ( 5 % )                               ;
; Total GXB Receiver Channel PCS    ; 0 / 4 ( 0 % )                                  ;
; Total GXB Receiver Channel PMA    ; 0 / 4 ( 0 % )                                  ;
; Total GXB Transmitter Channel PCS ; 0 / 4 ( 0 % )                                  ;
; Total GXB Transmitter Channel PMA ; 0 / 4 ( 0 % )                                  ;
; Total PLLs                        ; 0 / 4 ( 0 % )                                  ;
; Total DLLs                        ; 0 / 2 ( 0 % )                                  ;
; Device                            ; EP2AGX45CU17I3                                 ;
; Timing Models                     ; Final                                          ;
+-----------------------------------+------------------------------------------------+


+-----------------------------------------+
; Flow Settings                           ;
+-------------------+---------------------+
; Option            ; Setting             ;
+-------------------+---------------------+
; Start date & time ; 05/08/2023 17:38:36 ;
; Main task         ; Compilation         ;
; Revision Name     ; Farrow_filters      ;
+-------------------+---------------------+


+---------------------------------------------------------------------------------------------------------------------------------------------------------------------------------------------------------+
; Flow Non-Default Global Settings                                                                                                                                                                        ;
+--------------------------------------+--------------------------------------------------------------------------------------------+----------------+----------------+-----------------------------------+
; Assignment Name                      ; Value                                                                                      ; Default Value  ; Entity Name    ; Section Id                        ;
+--------------------------------------+--------------------------------------------------------------------------------------------+----------------+----------------+-----------------------------------+
; COMPILER_SIGNATURE_ID                ; 186426768691.168359271609640                                                               ; --             ; --             ; --                                ;
; EDA_DESIGN_INSTANCE_NAME             ; NA                                                                                         ; --             ; --             ; Farrow_Canonic_tb                 ;
; EDA_GENERATE_FUNCTIONAL_NETLIST      ; Off                                                                                        ; --             ; --             ; eda_board_design_timing           ;
; EDA_GENERATE_FUNCTIONAL_NETLIST      ; Off                                                                                        ; --             ; --             ; eda_board_design_boundary_scan    ;
; EDA_GENERATE_FUNCTIONAL_NETLIST      ; Off                                                                                        ; --             ; --             ; eda_board_design_signal_integrity ;
; EDA_GENERATE_FUNCTIONAL_NETLIST      ; Off                                                                                        ; --             ; --             ; eda_board_design_symbol           ;
; EDA_NATIVELINK_SIMULATION_TEST_BENCH ; Farrow_Canonic_tb                                                                          ; --             ; --             ; eda_simulation                    ;
; EDA_OUTPUT_DATA_FORMAT               ; Verilog Hdl                                                                                ; --             ; --             ; eda_simulation                    ;
; EDA_SIMULATION_TOOL                  ; ModelSim (Verilog)                                                                         ; <None>         ; --             ; --                                ;
; EDA_TEST_BENCH_ENABLE_STATUS         ; TEST_BENCH_MODE                                                                            ; --             ; --             ; eda_simulation                    ;
; EDA_TEST_BENCH_FILE                  ; ../../Users/risha/Downloads/Lab 3 supporting material -- Farrow Filter/Farrow_Canonic_tb.v ; --             ; --             ; Farrow_Canonic_tb                 ;
; EDA_TEST_BENCH_FILE                  ; ../../Users/risha/Downloads/Lab 3 supporting material -- Farrow Filter/In1.dat             ; --             ; --             ; Farrow_Canonic_tb                 ;
; EDA_TEST_BENCH_FILE                  ; ../../Users/risha/Downloads/Lab 3 supporting material -- Farrow Filter/In2.dat             ; --             ; --             ; Farrow_Canonic_tb                 ;
; EDA_TEST_BENCH_FILE                  ; ../../Users/risha/Downloads/Lab 3 supporting material -- Farrow Filter/Out1_expected.dat   ; --             ; --             ; Farrow_Canonic_tb                 ;
; EDA_TEST_BENCH_MODULE_NAME           ; Farrow_Canonic_tb                                                                          ; --             ; --             ; Farrow_Canonic_tb                 ;
; EDA_TEST_BENCH_NAME                  ; Farrow_Canonic_tb                                                                          ; --             ; --             ; eda_simulation                    ;
; EDA_TIME_SCALE                       ; 1 ps                                                                                       ; --             ; --             ; eda_simulation                    ;
; PARTITION_COLOR                      ; -- (Not supported for targeted family)                                                     ; --             ; Farrow_Canonic ; Top                               ;
; PARTITION_FITTER_PRESERVATION_LEVEL  ; -- (Not supported for targeted family)                                                     ; --             ; Farrow_Canonic ; Top                               ;
; PARTITION_NETLIST_TYPE               ; -- (Not supported for targeted family)                                                     ; --             ; Farrow_Canonic ; Top                               ;
; PROJECT_OUTPUT_DIRECTORY             ; output_files                                                                               ; --             ; --             ; --                                ;
; TOP_LEVEL_ENTITY                     ; Farrow_Canonic                                                                             ; Farrow_filters ; --             ; --                                ;
+--------------------------------------+--------------------------------------------------------------------------------------------+----------------+----------------+-----------------------------------+


+--------------------------------------------------------------------------------------------------------------------------+
; Flow Elapsed Time                                                                                                        ;
+----------------------+--------------+-------------------------+---------------------+------------------------------------+
; Module Name          ; Elapsed Time ; Average Processors Used ; Peak Virtual Memory ; Total CPU Time (on all processors) ;
+----------------------+--------------+-------------------------+---------------------+------------------------------------+
; Analysis & Synthesis ; 00:02:52     ; 1.0                     ; 4849 MB             ; 00:00:36                           ;
; Fitter               ; 00:00:41     ; 1.0                     ; 5580 MB             ; 00:00:37                           ;
; Assembler            ; 00:00:06     ; 1.0                     ; 4836 MB             ; 00:00:03                           ;
; Timing Analyzer      ; 00:00:04     ; 1.1                     ; 4914 MB             ; 00:00:04                           ;
; EDA Netlist Writer   ; 00:00:01     ; 1.0                     ; 4731 MB             ; 00:00:01                           ;
; Total                ; 00:03:44     ; --                      ; --                  ; 00:01:21                           ;
+----------------------+--------------+-------------------------+---------------------+------------------------------------+


+------------------------------------------------------------------------------------+
; Flow OS Summary                                                                    ;
+----------------------+------------------+------------+------------+----------------+
; Module Name          ; Machine Hostname ; OS Name    ; OS Version ; Processor type ;
+----------------------+------------------+------------+------------+----------------+
; Analysis & Synthesis ; DESKTOP-698MF8K  ; Windows 10 ; 10.0       ; x86_64         ;
; Fitter               ; DESKTOP-698MF8K  ; Windows 10 ; 10.0       ; x86_64         ;
; Assembler            ; DESKTOP-698MF8K  ; Windows 10 ; 10.0       ; x86_64         ;
; Timing Analyzer      ; DESKTOP-698MF8K  ; Windows 10 ; 10.0       ; x86_64         ;
; EDA Netlist Writer   ; DESKTOP-698MF8K  ; Windows 10 ; 10.0       ; x86_64         ;
+----------------------+------------------+------------+------------+----------------+


------------
; Flow Log ;
------------
quartus_map --read_settings_files=on --write_settings_files=off Farrow_filters -c Farrow_filters
quartus_fit --read_settings_files=off --write_settings_files=off Farrow_filters -c Farrow_filters
quartus_asm --read_settings_files=off --write_settings_files=off Farrow_filters -c Farrow_filters
quartus_sta Farrow_filters -c Farrow_filters
quartus_eda --read_settings_files=off --write_settings_files=off Farrow_filters -c Farrow_filters



