Timing Analyzer report for Farrow_filters
Mon May  8 17:42:31 2023
Quartus Prime Version 22.1std.1 Build 917 02/14/2023 SC Lite Edition


---------------------
; Table of Contents ;
---------------------
  1. Legal Notice
  2. Timing Analyzer Summary
  3. Parallel Compilation
  4. SDC File List
  5. Clocks
  6. Slow 900mV 100C Model Fmax Summary
  7. Timing Closure Recommendations
  8. Slow 900mV 100C Model Setup Summary
  9. Slow 900mV 100C Model Hold Summary
 10. Slow 900mV 100C Model Recovery Summary
 11. Slow 900mV 100C Model Removal Summary
 12. Slow 900mV 100C Model Minimum Pulse Width Summary
 13. Slow 900mV 100C Model Metastability Summary
 14. Slow 900mV -40C Model Fmax Summary
 15. Slow 900mV -40C Model Setup Summary
 16. Slow 900mV -40C Model Hold Summary
 17. Slow 900mV -40C Model Recovery Summary
 18. Slow 900mV -40C Model Removal Summary
 19. Slow 900mV -40C Model Minimum Pulse Width Summary
 20. Slow 900mV -40C Model Metastability Summary
 21. Fast 900mV -40C Model Setup Summary
 22. Fast 900mV -40C Model Hold Summary
 23. Fast 900mV -40C Model Recovery Summary
 24. Fast 900mV -40C Model Removal Summary
 25. Fast 900mV -40C Model Minimum Pulse Width Summary
 26. Fast 900mV -40C Model Metastability Summary
 27. Multicorner Timing Analysis Summary
 28. Board Trace Model Assignments
 29. Input Transition Times
 30. Signal Integrity Metrics (Slow 900mv n40c Model)
 31. Signal Integrity Metrics (Slow 900mv 100c Model)
 32. Signal Integrity Metrics (Fast 900mv n40c Model)
 33. Setup Transfers
 34. Hold Transfers
 35. Recovery Transfers
 36. Removal Transfers
 37. Report TCCS
 38. Report RSKM
 39. Unconstrained Paths Summary
 40. Clock Status Summary
 41. Timing Analyzer Messages



----------------
; Legal Notice ;
----------------
Copyright (C) 2023  Intel Corporation. All rights reserved.
Your use of Intel Corporation's design tools, logic functions 
and other software and tools, and any partner logic 
functions, and any output files from any of the foregoing 
(including device programming or simulation files), and any 
associated documentation or information are expressly subject 
to the terms and conditions of the Intel Program License 
Subscription Agreement, the Intel Quartus Prime License Agreement,
the Intel FPGA IP License Agreement, or other applicable license
agreement, including, without limitation, that your use is for
the sole purpose of programming logic devices manufactured by
Intel and sold by Intel or its authorized distributors.  Please
refer to the applicable agreement for further details, at
https://fpgasoftware.intel.com/eula.



+--------------------------------------------------------------------------------+
; Timing Analyzer Summary                                                        ;
+-----------------------+--------------------------------------------------------+
; Quartus Prime Version ; Version 22.1std.1 Build 917 02/14/2023 SC Lite Edition ;
; Timing Analyzer       ; Legacy Timing Analyzer                                 ;
; Revision Name         ; Farrow_filters                                         ;
; Device Family         ; Arria II GX                                            ;
; Device Name           ; EP2AGX45CU17I3                                         ;
; Timing Models         ; Final                                                  ;
; Delay Model           ; Combined                                               ;
; Rise/Fall Delays      ; Enabled                                                ;
+-----------------------+--------------------------------------------------------+


+------------------------------------------+
; Parallel Compilation                     ;
+----------------------------+-------------+
; Processors                 ; Number      ;
+----------------------------+-------------+
; Number detected on machine ; 4           ;
; Maximum allowed            ; 2           ;
;                            ;             ;
; Average used               ; 1.07        ;
; Maximum used               ; 2           ;
;                            ;             ;
; Usage by Processor         ; % Time Used ;
;     Processor 1            ; 100.0%      ;
;     Processor 2            ;   6.9%      ;
+----------------------------+-------------+


+--------------------------------------------------------+
; SDC File List                                          ;
+--------------------+--------+--------------------------+
; SDC File Path      ; Status ; Read at                  ;
+--------------------+--------+--------------------------+
; farrow_filters.sdc ; OK     ; Mon May  8 17:42:27 2023 ;
+--------------------+--------+--------------------------+


+--------------------------------------------------------------------------------------------------------------------------------------------------------------------------------+
; Clocks                                                                                                                                                                         ;
+------------+------+--------+-----------+-------+-------+------------+-----------+-------------+-------+--------+-----------+------------+----------+--------+--------+---------+
; Clock Name ; Type ; Period ; Frequency ; Rise  ; Fall  ; Duty Cycle ; Divide by ; Multiply by ; Phase ; Offset ; Edge List ; Edge Shift ; Inverted ; Master ; Source ; Targets ;
+------------+------+--------+-----------+-------+-------+------------+-----------+-------------+-------+--------+-----------+------------+----------+--------+--------+---------+
; clk        ; Base ; 5.000  ; 200.0 MHz ; 0.000 ; 2.500 ;            ;           ;             ;       ;        ;           ;            ;          ;        ;        ; { clk } ;
+------------+------+--------+-----------+-------+-------+------------+-----------+-------------+-------+--------+-----------+------------+----------+--------+--------+---------+


+--------------------------------------------------+
; Slow 900mV 100C Model Fmax Summary               ;
+------------+-----------------+------------+------+
; Fmax       ; Restricted Fmax ; Clock Name ; Note ;
+------------+-----------------+------------+------+
; 101.56 MHz ; 101.56 MHz      ; clk        ;      ;
+------------+-----------------+------------+------+
This panel reports FMAX for every clock in the design, regardless of the user-specified clock periods.  FMAX is only computed for paths where the source and destination registers or ports are driven by the same clock.  Paths of different clocks, including generated clocks, are ignored.  For paths between a clock and its inversion, FMAX is computed as if the rising and falling edges are scaled along with FMAX, such that the duty cycle (in terms of a percentage) is maintained. Altera recommends that you always use clock constraints and other slack reports for sign-off analysis.


----------------------------------
; Timing Closure Recommendations ;
----------------------------------
HTML report is unavailable in plain text report export.


+-------------------------------------+
; Slow 900mV 100C Model Setup Summary ;
+-------+--------+--------------------+
; Clock ; Slack  ; End Point TNS      ;
+-------+--------+--------------------+
; clk   ; -4.846 ; -420.775           ;
+-------+--------+--------------------+


+------------------------------------+
; Slow 900mV 100C Model Hold Summary ;
+-------+-------+--------------------+
; Clock ; Slack ; End Point TNS      ;
+-------+-------+--------------------+
; clk   ; 0.140 ; 0.000              ;
+-------+-------+--------------------+


+----------------------------------------+
; Slow 900mV 100C Model Recovery Summary ;
+-------+-------+------------------------+
; Clock ; Slack ; End Point TNS          ;
+-------+-------+------------------------+
; clk   ; 3.508 ; 0.000                  ;
+-------+-------+------------------------+


+---------------------------------------+
; Slow 900mV 100C Model Removal Summary ;
+-------+--------+----------------------+
; Clock ; Slack  ; End Point TNS        ;
+-------+--------+----------------------+
; clk   ; -0.112 ; -25.851              ;
+-------+--------+----------------------+


+---------------------------------------------------+
; Slow 900mV 100C Model Minimum Pulse Width Summary ;
+-------+-------+-----------------------------------+
; Clock ; Slack ; End Point TNS                     ;
+-------+-------+-----------------------------------+
; clk   ; 1.154 ; 0.000                             ;
+-------+-------+-----------------------------------+


-----------------------------------------------
; Slow 900mV 100C Model Metastability Summary ;
-----------------------------------------------
No synchronizer chains to report.


+--------------------------------------------------+
; Slow 900mV -40C Model Fmax Summary               ;
+------------+-----------------+------------+------+
; Fmax       ; Restricted Fmax ; Clock Name ; Note ;
+------------+-----------------+------------+------+
; 106.92 MHz ; 106.92 MHz      ; clk        ;      ;
+------------+-----------------+------------+------+
This panel reports FMAX for every clock in the design, regardless of the user-specified clock periods.  FMAX is only computed for paths where the source and destination registers or ports are driven by the same clock.  Paths of different clocks, including generated clocks, are ignored.  For paths between a clock and its inversion, FMAX is computed as if the rising and falling edges are scaled along with FMAX, such that the duty cycle (in terms of a percentage) is maintained. Altera recommends that you always use clock constraints and other slack reports for sign-off analysis.


+-------------------------------------+
; Slow 900mV -40C Model Setup Summary ;
+-------+--------+--------------------+
; Clock ; Slack  ; End Point TNS      ;
+-------+--------+--------------------+
; clk   ; -4.353 ; -358.367           ;
+-------+--------+--------------------+


+------------------------------------+
; Slow 900mV -40C Model Hold Summary ;
+-------+-------+--------------------+
; Clock ; Slack ; End Point TNS      ;
+-------+-------+--------------------+
; clk   ; 0.151 ; 0.000              ;
+-------+-------+--------------------+


+----------------------------------------+
; Slow 900mV -40C Model Recovery Summary ;
+-------+-------+------------------------+
; Clock ; Slack ; End Point TNS          ;
+-------+-------+------------------------+
; clk   ; 3.575 ; 0.000                  ;
+-------+-------+------------------------+


+---------------------------------------+
; Slow 900mV -40C Model Removal Summary ;
+-------+--------+----------------------+
; Clock ; Slack  ; End Point TNS        ;
+-------+--------+----------------------+
; clk   ; -0.091 ; -20.092              ;
+-------+--------+----------------------+


+---------------------------------------------------+
; Slow 900mV -40C Model Minimum Pulse Width Summary ;
+-------+-------+-----------------------------------+
; Clock ; Slack ; End Point TNS                     ;
+-------+-------+-----------------------------------+
; clk   ; 1.154 ; 0.000                             ;
+-------+-------+-----------------------------------+


-----------------------------------------------
; Slow 900mV -40C Model Metastability Summary ;
-----------------------------------------------
No synchronizer chains to report.


+-------------------------------------+
; Fast 900mV -40C Model Setup Summary ;
+-------+-------+---------------------+
; Clock ; Slack ; End Point TNS       ;
+-------+-------+---------------------+
; clk   ; 0.275 ; 0.000               ;
+-------+-------+---------------------+


+------------------------------------+
; Fast 900mV -40C Model Hold Summary ;
+-------+-------+--------------------+
; Clock ; Slack ; End Point TNS      ;
+-------+-------+--------------------+
; clk   ; 0.095 ; 0.000              ;
+-------+-------+--------------------+


+----------------------------------------+
; Fast 900mV -40C Model Recovery Summary ;
+-------+-------+------------------------+
; Clock ; Slack ; End Point TNS          ;
+-------+-------+------------------------+
; clk   ; 4.144 ; 0.000                  ;
+-------+-------+------------------------+


+---------------------------------------+
; Fast 900mV -40C Model Removal Summary ;
+-------+--------+----------------------+
; Clock ; Slack  ; End Point TNS        ;
+-------+--------+----------------------+
; clk   ; -0.016 ; -1.195               ;
+-------+--------+----------------------+


+---------------------------------------------------+
; Fast 900mV -40C Model Minimum Pulse Width Summary ;
+-------+-------+-----------------------------------+
; Clock ; Slack ; End Point TNS                     ;
+-------+-------+-----------------------------------+
; clk   ; 1.154 ; 0.000                             ;
+-------+-------+-----------------------------------+


-----------------------------------------------
; Fast 900mV -40C Model Metastability Summary ;
-----------------------------------------------
No synchronizer chains to report.


+--------------------------------------------------------------------------------+
; Multicorner Timing Analysis Summary                                            ;
+------------------+----------+-------+----------+---------+---------------------+
; Clock            ; Setup    ; Hold  ; Recovery ; Removal ; Minimum Pulse Width ;
+------------------+----------+-------+----------+---------+---------------------+
; Worst-case Slack ; -4.846   ; 0.095 ; 3.508    ; -0.112  ; 1.154               ;
;  clk             ; -4.846   ; 0.095 ; 3.508    ; -0.112  ; 1.154               ;
; Design-wide TNS  ; -420.775 ; 0.0   ; 0.0      ; -25.851 ; 0.0                 ;
;  clk             ; -420.775 ; 0.000 ; 0.000    ; -25.851 ; 0.000               ;
+------------------+----------+-------+----------+---------+---------------------+


+------------------------------------------------------------------------------------------------------------------------------------------------------------------------------------------------------------------------------------------------------------------------------------------------------------------------------------------------------------------------------------------------------------------+
; Board Trace Model Assignments                                                                                                                                                                                                                                                                                                                                                                                    ;
+---------------+--------------+-------------------+-------------------------+-------------------------+---------------+---------------------+----------------+------------------+--------+------------------+------------------------+------------------------+--------------+---------------+-----------------+-------+---------------------+--------------------+---------------+-----------------+-------------+
; Pin           ; I/O Standard ; Near Tline Length ; Near Tline L per Length ; Near Tline C per Length ; Near Series R ; Near Differential R ; Near Pull-up R ; Near Pull-down R ; Near C ; Far Tline Length ; Far Tline L per Length ; Far Tline C per Length ; Far Series R ; Far Pull-up R ; Far Pull-down R ; Far C ; Termination Voltage ; Far Differential R ; EBD File Name ; EBD Signal Name ; EBD Far-end ;
+---------------+--------------+-------------------+-------------------------+-------------------------+---------------+---------------------+----------------+------------------+--------+------------------+------------------------+------------------------+--------------+---------------+-----------------+-------+---------------------+--------------------+---------------+-----------------+-------------+
; ce_out        ; 2.5 V        ; 0 in              ; 0 H/in                  ; 0 F/in                  ; short         ; -                   ; open           ; open             ; open   ; 0 in             ; 0 H/in                 ; 0 F/in                 ; short        ; open          ; open            ; open  ; 0 V                 ; -                  ; n/a           ; n/a             ; n/a         ;
; Out1[0]       ; 2.5 V        ; 0 in              ; 0 H/in                  ; 0 F/in                  ; short         ; -                   ; open           ; open             ; open   ; 0 in             ; 0 H/in                 ; 0 F/in                 ; short        ; open          ; open            ; open  ; 0 V                 ; -                  ; n/a           ; n/a             ; n/a         ;
; Out1[1]       ; 2.5 V        ; 0 in              ; 0 H/in                  ; 0 F/in                  ; short         ; -                   ; open           ; open             ; open   ; 0 in             ; 0 H/in                 ; 0 F/in                 ; short        ; open          ; open            ; open  ; 0 V                 ; -                  ; n/a           ; n/a             ; n/a         ;
; Out1[2]       ; 2.5 V        ; 0 in              ; 0 H/in                  ; 0 F/in                  ; short         ; -                   ; open           ; open             ; open   ; 0 in             ; 0 H/in                 ; 0 F/in                 ; short        ; open          ; open            ; open  ; 0 V                 ; -                  ; n/a           ; n/a             ; n/a         ;
; Out1[3]       ; 2.5 V        ; 0 in              ; 0 H/in                  ; 0 F/in                  ; short         ; -                   ; open           ; open             ; open   ; 0 in             ; 0 H/in                 ; 0 F/in                 ; short        ; open          ; open            ; open  ; 0 V                 ; -                  ; n/a           ; n/a             ; n/a         ;
; Out1[4]       ; 2.5 V        ; 0 in              ; 0 H/in                  ; 0 F/in                  ; short         ; -                   ; open           ; open             ; open   ; 0 in             ; 0 H/in                 ; 0 F/in                 ; short        ; open          ; open            ; open  ; 0 V                 ; -                  ; n/a           ; n/a             ; n/a         ;
; Out1[5]       ; 2.5 V        ; 0 in              ; 0 H/in                  ; 0 F/in                  ; short         ; -                   ; open           ; open             ; open   ; 0 in             ; 0 H/in                 ; 0 F/in                 ; short        ; open          ; open            ; open  ; 0 V                 ; -                  ; n/a           ; n/a             ; n/a         ;
; Out1[6]       ; 2.5 V        ; 0 in              ; 0 H/in                  ; 0 F/in                  ; short         ; -                   ; open           ; open             ; open   ; 0 in             ; 0 H/in                 ; 0 F/in                 ; short        ; open          ; open            ; open  ; 0 V                 ; -                  ; n/a           ; n/a             ; n/a         ;
; Out1[7]       ; 2.5 V        ; 0 in              ; 0 H/in                  ; 0 F/in                  ; short         ; -                   ; open           ; open             ; open   ; 0 in             ; 0 H/in                 ; 0 F/in                 ; short        ; open          ; open            ; open  ; 0 V                 ; -                  ; n/a           ; n/a             ; n/a         ;
; Out1[8]       ; 2.5 V        ; 0 in              ; 0 H/in                  ; 0 F/in                  ; short         ; -                   ; open           ; open             ; open   ; 0 in             ; 0 H/in                 ; 0 F/in                 ; short        ; open          ; open            ; open  ; 0 V                 ; -                  ; n/a           ; n/a             ; n/a         ;
; Out1[9]       ; 2.5 V        ; 0 in              ; 0 H/in                  ; 0 F/in                  ; short         ; -                   ; open           ; open             ; open   ; 0 in             ; 0 H/in                 ; 0 F/in                 ; short        ; open          ; open            ; open  ; 0 V                 ; -                  ; n/a           ; n/a             ; n/a         ;
; Out1[10]      ; 2.5 V        ; 0 in              ; 0 H/in                  ; 0 F/in                  ; short         ; -                   ; open           ; open             ; open   ; 0 in             ; 0 H/in                 ; 0 F/in                 ; short        ; open          ; open            ; open  ; 0 V                 ; -                  ; n/a           ; n/a             ; n/a         ;
; Out1[11]      ; 2.5 V        ; 0 in              ; 0 H/in                  ; 0 F/in                  ; short         ; -                   ; open           ; open             ; open   ; 0 in             ; 0 H/in                 ; 0 F/in                 ; short        ; open          ; open            ; open  ; 0 V                 ; -                  ; n/a           ; n/a             ; n/a         ;
; Out1[12]      ; 2.5 V        ; 0 in              ; 0 H/in                  ; 0 F/in                  ; short         ; -                   ; open           ; open             ; open   ; 0 in             ; 0 H/in                 ; 0 F/in                 ; short        ; open          ; open            ; open  ; 0 V                 ; -                  ; n/a           ; n/a             ; n/a         ;
; Out1[13]      ; 2.5 V        ; 0 in              ; 0 H/in                  ; 0 F/in                  ; short         ; -                   ; open           ; open             ; open   ; 0 in             ; 0 H/in                 ; 0 F/in                 ; short        ; open          ; open            ; open  ; 0 V                 ; -                  ; n/a           ; n/a             ; n/a         ;
; Out1[14]      ; 2.5 V        ; 0 in              ; 0 H/in                  ; 0 F/in                  ; short         ; -                   ; open           ; open             ; open   ; 0 in             ; 0 H/in                 ; 0 F/in                 ; short        ; open          ; open            ; open  ; 0 V                 ; -                  ; n/a           ; n/a             ; n/a         ;
; Out1[15]      ; 2.5 V        ; 0 in              ; 0 H/in                  ; 0 F/in                  ; short         ; -                   ; open           ; open             ; open   ; 0 in             ; 0 H/in                 ; 0 F/in                 ; short        ; open          ; open            ; open  ; 0 V                 ; -                  ; n/a           ; n/a             ; n/a         ;
; ~ALTERA_nCEO~ ; 2.5 V        ; 0 in              ; 0 H/in                  ; 0 F/in                  ; short         ; -                   ; open           ; open             ; open   ; 0 in             ; 0 H/in                 ; 0 F/in                 ; short        ; open          ; open            ; open  ; 0 V                 ; -                  ; n/a           ; n/a             ; n/a         ;
+---------------+--------------+-------------------+-------------------------+-------------------------+---------------+---------------------+----------------+------------------+--------+------------------+------------------------+------------------------+--------------+---------------+-----------------+-------+---------------------+--------------------+---------------+-----------------+-------------+


+---------------------------------------------------------------+
; Input Transition Times                                        ;
+------------+--------------+-----------------+-----------------+
; Pin        ; I/O Standard ; 10-90 Rise Time ; 90-10 Fall Time ;
+------------+--------------+-----------------+-----------------+
; clk_enable ; 2.5 V        ; 2000 ps         ; 2000 ps         ;
; clk        ; 2.5 V        ; 2000 ps         ; 2000 ps         ;
; reset      ; 2.5 V        ; 2000 ps         ; 2000 ps         ;
; In1[15]    ; 2.5 V        ; 2000 ps         ; 2000 ps         ;
; In1[14]    ; 2.5 V        ; 2000 ps         ; 2000 ps         ;
; In1[13]    ; 2.5 V        ; 2000 ps         ; 2000 ps         ;
; In1[12]    ; 2.5 V        ; 2000 ps         ; 2000 ps         ;
; In1[11]    ; 2.5 V        ; 2000 ps         ; 2000 ps         ;
; In1[10]    ; 2.5 V        ; 2000 ps         ; 2000 ps         ;
; In1[9]     ; 2.5 V        ; 2000 ps         ; 2000 ps         ;
; In1[8]     ; 2.5 V        ; 2000 ps         ; 2000 ps         ;
; In1[7]     ; 2.5 V        ; 2000 ps         ; 2000 ps         ;
; In1[6]     ; 2.5 V        ; 2000 ps         ; 2000 ps         ;
; In1[5]     ; 2.5 V        ; 2000 ps         ; 2000 ps         ;
; In1[4]     ; 2.5 V        ; 2000 ps         ; 2000 ps         ;
; In1[3]     ; 2.5 V        ; 2000 ps         ; 2000 ps         ;
; In1[2]     ; 2.5 V        ; 2000 ps         ; 2000 ps         ;
; In1[1]     ; 2.5 V        ; 2000 ps         ; 2000 ps         ;
; In1[0]     ; 2.5 V        ; 2000 ps         ; 2000 ps         ;
; In2[0]     ; 2.5 V        ; 2000 ps         ; 2000 ps         ;
; In2[1]     ; 2.5 V        ; 2000 ps         ; 2000 ps         ;
; In2[2]     ; 2.5 V        ; 2000 ps         ; 2000 ps         ;
; In2[3]     ; 2.5 V        ; 2000 ps         ; 2000 ps         ;
; In2[4]     ; 2.5 V        ; 2000 ps         ; 2000 ps         ;
; In2[5]     ; 2.5 V        ; 2000 ps         ; 2000 ps         ;
; In2[6]     ; 2.5 V        ; 2000 ps         ; 2000 ps         ;
; In2[7]     ; 2.5 V        ; 2000 ps         ; 2000 ps         ;
; In2[8]     ; 2.5 V        ; 2000 ps         ; 2000 ps         ;
; In2[9]     ; 2.5 V        ; 2000 ps         ; 2000 ps         ;
; In2[10]    ; 2.5 V        ; 2000 ps         ; 2000 ps         ;
; In2[11]    ; 2.5 V        ; 2000 ps         ; 2000 ps         ;
+------------+--------------+-----------------+-----------------+


+--------------------------------------------------------------------------------------------------------------------------------------------------------------------------------------------------------------------------------------------------------------------------------------------------------------------------------------------------------------------------------------------------------------------------------------------------------------------------------------------------------------------------------------------------------------------------------------------------------------------------------------------------------------------------------------------+
; Signal Integrity Metrics (Slow 900mv n40c Model)                                                                                                                                                                                                                                                                                                                                                                                                                                                                                                                                                                                                                                           ;
+---------------+--------------+---------------------+---------------------+------------------------------+------------------------------+---------------------+---------------------+--------------------------------------+--------------------------------------+-----------------------------+-----------------------------+----------------------------+----------------------------+-----------------------------+-----------------------------+--------------------+--------------------+-------------------------------------+-------------------------------------+----------------------------+----------------------------+---------------------------+---------------------------+
; Pin           ; I/O Standard ; Board Delay on Rise ; Board Delay on Fall ; Steady State Voh at FPGA Pin ; Steady State Vol at FPGA Pin ; Voh Max at FPGA Pin ; Vol Min at FPGA Pin ; Ringback Voltage on Rise at FPGA Pin ; Ringback Voltage on Fall at FPGA Pin ; 10-90 Rise Time at FPGA Pin ; 90-10 Fall Time at FPGA Pin ; Monotonic Rise at FPGA Pin ; Monotonic Fall at FPGA Pin ; Steady State Voh at Far-end ; Steady State Vol at Far-end ; Voh Max at Far-end ; Vol Min at Far-end ; Ringback Voltage on Rise at Far-end ; Ringback Voltage on Fall at Far-end ; 10-90 Rise Time at Far-end ; 90-10 Fall Time at Far-end ; Monotonic Rise at Far-end ; Monotonic Fall at Far-end ;
+---------------+--------------+---------------------+---------------------+------------------------------+------------------------------+---------------------+---------------------+--------------------------------------+--------------------------------------+-----------------------------+-----------------------------+----------------------------+----------------------------+-----------------------------+-----------------------------+--------------------+--------------------+-------------------------------------+-------------------------------------+----------------------------+----------------------------+---------------------------+---------------------------+
; ce_out        ; 2.5 V        ; 0 s                 ; 0 s                 ; 2.28 V                       ; 3.96e-08 V                   ; 2.31 V              ; -0.0217 V           ; 0.231 V                              ; 0.167 V                              ; 5.27e-10 s                  ; 4.98e-10 s                  ; No                         ; Yes                        ; 2.28 V                      ; 3.96e-08 V                  ; 2.31 V             ; -0.0217 V          ; 0.231 V                             ; 0.167 V                             ; 5.27e-10 s                 ; 4.98e-10 s                 ; No                        ; Yes                       ;
; Out1[0]       ; 2.5 V        ; 0 s                 ; 0 s                 ; 2.28 V                       ; 3.94e-08 V                   ; 2.31 V              ; -0.0225 V           ; 0.246 V                              ; 0.189 V                              ; 5.43e-10 s                  ; 5.09e-10 s                  ; No                         ; Yes                        ; 2.28 V                      ; 3.94e-08 V                  ; 2.31 V             ; -0.0225 V          ; 0.246 V                             ; 0.189 V                             ; 5.43e-10 s                 ; 5.09e-10 s                 ; No                        ; Yes                       ;
; Out1[1]       ; 2.5 V        ; 0 s                 ; 0 s                 ; 2.28 V                       ; 3.96e-08 V                   ; 2.31 V              ; -0.0217 V           ; 0.231 V                              ; 0.167 V                              ; 5.27e-10 s                  ; 4.98e-10 s                  ; No                         ; Yes                        ; 2.28 V                      ; 3.96e-08 V                  ; 2.31 V             ; -0.0217 V          ; 0.231 V                             ; 0.167 V                             ; 5.27e-10 s                 ; 4.98e-10 s                 ; No                        ; Yes                       ;
; Out1[2]       ; 2.5 V        ; 0 s                 ; 0 s                 ; 2.28 V                       ; 3.94e-08 V                   ; 2.31 V              ; -0.0225 V           ; 0.246 V                              ; 0.189 V                              ; 5.43e-10 s                  ; 5.09e-10 s                  ; No                         ; Yes                        ; 2.28 V                      ; 3.94e-08 V                  ; 2.31 V             ; -0.0225 V          ; 0.246 V                             ; 0.189 V                             ; 5.43e-10 s                 ; 5.09e-10 s                 ; No                        ; Yes                       ;
; Out1[3]       ; 2.5 V        ; 0 s                 ; 0 s                 ; 2.28 V                       ; 3.94e-08 V                   ; 2.31 V              ; -0.0225 V           ; 0.246 V                              ; 0.189 V                              ; 5.43e-10 s                  ; 5.09e-10 s                  ; No                         ; Yes                        ; 2.28 V                      ; 3.94e-08 V                  ; 2.31 V             ; -0.0225 V          ; 0.246 V                             ; 0.189 V                             ; 5.43e-10 s                 ; 5.09e-10 s                 ; No                        ; Yes                       ;
; Out1[4]       ; 2.5 V        ; 0 s                 ; 0 s                 ; 2.28 V                       ; 3.94e-08 V                   ; 2.31 V              ; -0.0225 V           ; 0.246 V                              ; 0.189 V                              ; 5.43e-10 s                  ; 5.09e-10 s                  ; No                         ; Yes                        ; 2.28 V                      ; 3.94e-08 V                  ; 2.31 V             ; -0.0225 V          ; 0.246 V                             ; 0.189 V                             ; 5.43e-10 s                 ; 5.09e-10 s                 ; No                        ; Yes                       ;
; Out1[5]       ; 2.5 V        ; 0 s                 ; 0 s                 ; 2.28 V                       ; 3.96e-08 V                   ; 2.31 V              ; -0.0217 V           ; 0.231 V                              ; 0.167 V                              ; 5.27e-10 s                  ; 4.98e-10 s                  ; No                         ; Yes                        ; 2.28 V                      ; 3.96e-08 V                  ; 2.31 V             ; -0.0217 V          ; 0.231 V                             ; 0.167 V                             ; 5.27e-10 s                 ; 4.98e-10 s                 ; No                        ; Yes                       ;
; Out1[6]       ; 2.5 V        ; 0 s                 ; 0 s                 ; 2.28 V                       ; 3.96e-08 V                   ; 2.31 V              ; -0.0217 V           ; 0.231 V                              ; 0.167 V                              ; 5.27e-10 s                  ; 4.98e-10 s                  ; No                         ; Yes                        ; 2.28 V                      ; 3.96e-08 V                  ; 2.31 V             ; -0.0217 V          ; 0.231 V                             ; 0.167 V                             ; 5.27e-10 s                 ; 4.98e-10 s                 ; No                        ; Yes                       ;
; Out1[7]       ; 2.5 V        ; 0 s                 ; 0 s                 ; 2.28 V                       ; 3.96e-08 V                   ; 2.31 V              ; -0.0236 V           ; 0.15 V                               ; 0.206 V                              ; 4.89e-10 s                  ; 3.96e-10 s                  ; No                         ; Yes                        ; 2.28 V                      ; 3.96e-08 V                  ; 2.31 V             ; -0.0236 V          ; 0.15 V                              ; 0.206 V                             ; 4.89e-10 s                 ; 3.96e-10 s                 ; No                        ; Yes                       ;
; Out1[8]       ; 2.5 V        ; 0 s                 ; 0 s                 ; 2.28 V                       ; 3.94e-08 V                   ; 2.31 V              ; -0.0225 V           ; 0.246 V                              ; 0.189 V                              ; 5.43e-10 s                  ; 5.09e-10 s                  ; No                         ; Yes                        ; 2.28 V                      ; 3.94e-08 V                  ; 2.31 V             ; -0.0225 V          ; 0.246 V                             ; 0.189 V                             ; 5.43e-10 s                 ; 5.09e-10 s                 ; No                        ; Yes                       ;
; Out1[9]       ; 2.5 V        ; 0 s                 ; 0 s                 ; 2.28 V                       ; 3.94e-08 V                   ; 2.31 V              ; -0.0225 V           ; 0.246 V                              ; 0.189 V                              ; 5.43e-10 s                  ; 5.09e-10 s                  ; No                         ; Yes                        ; 2.28 V                      ; 3.94e-08 V                  ; 2.31 V             ; -0.0225 V          ; 0.246 V                             ; 0.189 V                             ; 5.43e-10 s                 ; 5.09e-10 s                 ; No                        ; Yes                       ;
; Out1[10]      ; 2.5 V        ; 0 s                 ; 0 s                 ; 2.28 V                       ; 3.96e-08 V                   ; 2.31 V              ; -0.0217 V           ; 0.231 V                              ; 0.167 V                              ; 5.27e-10 s                  ; 4.98e-10 s                  ; No                         ; Yes                        ; 2.28 V                      ; 3.96e-08 V                  ; 2.31 V             ; -0.0217 V          ; 0.231 V                             ; 0.167 V                             ; 5.27e-10 s                 ; 4.98e-10 s                 ; No                        ; Yes                       ;
; Out1[11]      ; 2.5 V        ; 0 s                 ; 0 s                 ; 2.28 V                       ; 3.94e-08 V                   ; 2.31 V              ; -0.0225 V           ; 0.246 V                              ; 0.189 V                              ; 5.43e-10 s                  ; 5.09e-10 s                  ; No                         ; Yes                        ; 2.28 V                      ; 3.94e-08 V                  ; 2.31 V             ; -0.0225 V          ; 0.246 V                             ; 0.189 V                             ; 5.43e-10 s                 ; 5.09e-10 s                 ; No                        ; Yes                       ;
; Out1[12]      ; 2.5 V        ; 0 s                 ; 0 s                 ; 2.28 V                       ; 3.94e-08 V                   ; 2.31 V              ; -0.0225 V           ; 0.246 V                              ; 0.189 V                              ; 5.43e-10 s                  ; 5.09e-10 s                  ; No                         ; Yes                        ; 2.28 V                      ; 3.94e-08 V                  ; 2.31 V             ; -0.0225 V          ; 0.246 V                             ; 0.189 V                             ; 5.43e-10 s                 ; 5.09e-10 s                 ; No                        ; Yes                       ;
; Out1[13]      ; 2.5 V        ; 0 s                 ; 0 s                 ; 2.28 V                       ; 3.96e-08 V                   ; 2.31 V              ; -0.0236 V           ; 0.15 V                               ; 0.206 V                              ; 4.89e-10 s                  ; 3.96e-10 s                  ; No                         ; Yes                        ; 2.28 V                      ; 3.96e-08 V                  ; 2.31 V             ; -0.0236 V          ; 0.15 V                              ; 0.206 V                             ; 4.89e-10 s                 ; 3.96e-10 s                 ; No                        ; Yes                       ;
; Out1[14]      ; 2.5 V        ; 0 s                 ; 0 s                 ; 2.28 V                       ; 3.96e-08 V                   ; 2.31 V              ; -0.0217 V           ; 0.231 V                              ; 0.167 V                              ; 5.27e-10 s                  ; 4.98e-10 s                  ; No                         ; Yes                        ; 2.28 V                      ; 3.96e-08 V                  ; 2.31 V             ; -0.0217 V          ; 0.231 V                             ; 0.167 V                             ; 5.27e-10 s                 ; 4.98e-10 s                 ; No                        ; Yes                       ;
; Out1[15]      ; 2.5 V        ; 0 s                 ; 0 s                 ; 2.28 V                       ; 3.96e-08 V                   ; 2.31 V              ; -0.0217 V           ; 0.231 V                              ; 0.167 V                              ; 5.27e-10 s                  ; 4.98e-10 s                  ; No                         ; Yes                        ; 2.28 V                      ; 3.96e-08 V                  ; 2.31 V             ; -0.0217 V          ; 0.231 V                             ; 0.167 V                             ; 5.27e-10 s                 ; 4.98e-10 s                 ; No                        ; Yes                       ;
; ~ALTERA_nCEO~ ; 2.5 V        ; 0 s                 ; 0 s                 ; 2.28 V                       ; 4.66e-08 V                   ; 2.31 V              ; -0.0175 V           ; 0.195 V                              ; 0.162 V                              ; 5.16e-10 s                  ; 6.14e-10 s                  ; No                         ; Yes                        ; 2.28 V                      ; 4.66e-08 V                  ; 2.31 V             ; -0.0175 V          ; 0.195 V                             ; 0.162 V                             ; 5.16e-10 s                 ; 6.14e-10 s                 ; No                        ; Yes                       ;
+---------------+--------------+---------------------+---------------------+------------------------------+------------------------------+---------------------+---------------------+--------------------------------------+--------------------------------------+-----------------------------+-----------------------------+----------------------------+----------------------------+-----------------------------+-----------------------------+--------------------+--------------------+-------------------------------------+-------------------------------------+----------------------------+----------------------------+---------------------------+---------------------------+


+--------------------------------------------------------------------------------------------------------------------------------------------------------------------------------------------------------------------------------------------------------------------------------------------------------------------------------------------------------------------------------------------------------------------------------------------------------------------------------------------------------------------------------------------------------------------------------------------------------------------------------------------------------------------------------------------+
; Signal Integrity Metrics (Slow 900mv 100c Model)                                                                                                                                                                                                                                                                                                                                                                                                                                                                                                                                                                                                                                           ;
+---------------+--------------+---------------------+---------------------+------------------------------+------------------------------+---------------------+---------------------+--------------------------------------+--------------------------------------+-----------------------------+-----------------------------+----------------------------+----------------------------+-----------------------------+-----------------------------+--------------------+--------------------+-------------------------------------+-------------------------------------+----------------------------+----------------------------+---------------------------+---------------------------+
; Pin           ; I/O Standard ; Board Delay on Rise ; Board Delay on Fall ; Steady State Voh at FPGA Pin ; Steady State Vol at FPGA Pin ; Voh Max at FPGA Pin ; Vol Min at FPGA Pin ; Ringback Voltage on Rise at FPGA Pin ; Ringback Voltage on Fall at FPGA Pin ; 10-90 Rise Time at FPGA Pin ; 90-10 Fall Time at FPGA Pin ; Monotonic Rise at FPGA Pin ; Monotonic Fall at FPGA Pin ; Steady State Voh at Far-end ; Steady State Vol at Far-end ; Voh Max at Far-end ; Vol Min at Far-end ; Ringback Voltage on Rise at Far-end ; Ringback Voltage on Fall at Far-end ; 10-90 Rise Time at Far-end ; 90-10 Fall Time at Far-end ; Monotonic Rise at Far-end ; Monotonic Fall at Far-end ;
+---------------+--------------+---------------------+---------------------+------------------------------+------------------------------+---------------------+---------------------+--------------------------------------+--------------------------------------+-----------------------------+-----------------------------+----------------------------+----------------------------+-----------------------------+-----------------------------+--------------------+--------------------+-------------------------------------+-------------------------------------+----------------------------+----------------------------+---------------------------+---------------------------+
; ce_out        ; 2.5 V        ; 0 s                 ; 0 s                 ; 2.28 V                       ; 3.39e-05 V                   ; 2.29 V              ; -0.00908 V          ; 0.154 V                              ; 0.085 V                              ; 7.35e-10 s                  ; 7.15e-10 s                  ; Yes                        ; Yes                        ; 2.28 V                      ; 3.39e-05 V                  ; 2.29 V             ; -0.00908 V         ; 0.154 V                             ; 0.085 V                             ; 7.35e-10 s                 ; 7.15e-10 s                 ; Yes                       ; Yes                       ;
; Out1[0]       ; 2.5 V        ; 0 s                 ; 0 s                 ; 2.28 V                       ; 3.39e-05 V                   ; 2.29 V              ; -0.00905 V          ; 0.105 V                              ; 0.096 V                              ; 7.51e-10 s                  ; 7.28e-10 s                  ; Yes                        ; Yes                        ; 2.28 V                      ; 3.39e-05 V                  ; 2.29 V             ; -0.00905 V         ; 0.105 V                             ; 0.096 V                             ; 7.51e-10 s                 ; 7.28e-10 s                 ; Yes                       ; Yes                       ;
; Out1[1]       ; 2.5 V        ; 0 s                 ; 0 s                 ; 2.28 V                       ; 3.39e-05 V                   ; 2.29 V              ; -0.00908 V          ; 0.154 V                              ; 0.085 V                              ; 7.35e-10 s                  ; 7.15e-10 s                  ; Yes                        ; Yes                        ; 2.28 V                      ; 3.39e-05 V                  ; 2.29 V             ; -0.00908 V         ; 0.154 V                             ; 0.085 V                             ; 7.35e-10 s                 ; 7.15e-10 s                 ; Yes                       ; Yes                       ;
; Out1[2]       ; 2.5 V        ; 0 s                 ; 0 s                 ; 2.28 V                       ; 3.39e-05 V                   ; 2.29 V              ; -0.00905 V          ; 0.105 V                              ; 0.096 V                              ; 7.51e-10 s                  ; 7.28e-10 s                  ; Yes                        ; Yes                        ; 2.28 V                      ; 3.39e-05 V                  ; 2.29 V             ; -0.00905 V         ; 0.105 V                             ; 0.096 V                             ; 7.51e-10 s                 ; 7.28e-10 s                 ; Yes                       ; Yes                       ;
; Out1[3]       ; 2.5 V        ; 0 s                 ; 0 s                 ; 2.28 V                       ; 3.39e-05 V                   ; 2.29 V              ; -0.00905 V          ; 0.105 V                              ; 0.096 V                              ; 7.51e-10 s                  ; 7.28e-10 s                  ; Yes                        ; Yes                        ; 2.28 V                      ; 3.39e-05 V                  ; 2.29 V             ; -0.00905 V         ; 0.105 V                             ; 0.096 V                             ; 7.51e-10 s                 ; 7.28e-10 s                 ; Yes                       ; Yes                       ;
; Out1[4]       ; 2.5 V        ; 0 s                 ; 0 s                 ; 2.28 V                       ; 3.39e-05 V                   ; 2.29 V              ; -0.00905 V          ; 0.105 V                              ; 0.096 V                              ; 7.51e-10 s                  ; 7.28e-10 s                  ; Yes                        ; Yes                        ; 2.28 V                      ; 3.39e-05 V                  ; 2.29 V             ; -0.00905 V         ; 0.105 V                             ; 0.096 V                             ; 7.51e-10 s                 ; 7.28e-10 s                 ; Yes                       ; Yes                       ;
; Out1[5]       ; 2.5 V        ; 0 s                 ; 0 s                 ; 2.28 V                       ; 3.39e-05 V                   ; 2.29 V              ; -0.00908 V          ; 0.154 V                              ; 0.085 V                              ; 7.35e-10 s                  ; 7.15e-10 s                  ; Yes                        ; Yes                        ; 2.28 V                      ; 3.39e-05 V                  ; 2.29 V             ; -0.00908 V         ; 0.154 V                             ; 0.085 V                             ; 7.35e-10 s                 ; 7.15e-10 s                 ; Yes                       ; Yes                       ;
; Out1[6]       ; 2.5 V        ; 0 s                 ; 0 s                 ; 2.28 V                       ; 3.39e-05 V                   ; 2.29 V              ; -0.00908 V          ; 0.154 V                              ; 0.085 V                              ; 7.35e-10 s                  ; 7.15e-10 s                  ; Yes                        ; Yes                        ; 2.28 V                      ; 3.39e-05 V                  ; 2.29 V             ; -0.00908 V         ; 0.154 V                             ; 0.085 V                             ; 7.35e-10 s                 ; 7.15e-10 s                 ; Yes                       ; Yes                       ;
; Out1[7]       ; 2.5 V        ; 0 s                 ; 0 s                 ; 2.28 V                       ; 3.39e-05 V                   ; 2.29 V              ; -0.0095 V           ; 0.148 V                              ; 0.075 V                              ; 6.07e-10 s                  ; 5.93e-10 s                  ; Yes                        ; Yes                        ; 2.28 V                      ; 3.39e-05 V                  ; 2.29 V             ; -0.0095 V          ; 0.148 V                             ; 0.075 V                             ; 6.07e-10 s                 ; 5.93e-10 s                 ; Yes                       ; Yes                       ;
; Out1[8]       ; 2.5 V        ; 0 s                 ; 0 s                 ; 2.28 V                       ; 3.39e-05 V                   ; 2.29 V              ; -0.00905 V          ; 0.105 V                              ; 0.096 V                              ; 7.51e-10 s                  ; 7.28e-10 s                  ; Yes                        ; Yes                        ; 2.28 V                      ; 3.39e-05 V                  ; 2.29 V             ; -0.00905 V         ; 0.105 V                             ; 0.096 V                             ; 7.51e-10 s                 ; 7.28e-10 s                 ; Yes                       ; Yes                       ;
; Out1[9]       ; 2.5 V        ; 0 s                 ; 0 s                 ; 2.28 V                       ; 3.39e-05 V                   ; 2.29 V              ; -0.00905 V          ; 0.105 V                              ; 0.096 V                              ; 7.51e-10 s                  ; 7.28e-10 s                  ; Yes                        ; Yes                        ; 2.28 V                      ; 3.39e-05 V                  ; 2.29 V             ; -0.00905 V         ; 0.105 V                             ; 0.096 V                             ; 7.51e-10 s                 ; 7.28e-10 s                 ; Yes                       ; Yes                       ;
; Out1[10]      ; 2.5 V        ; 0 s                 ; 0 s                 ; 2.28 V                       ; 3.39e-05 V                   ; 2.29 V              ; -0.00908 V          ; 0.154 V                              ; 0.085 V                              ; 7.35e-10 s                  ; 7.15e-10 s                  ; Yes                        ; Yes                        ; 2.28 V                      ; 3.39e-05 V                  ; 2.29 V             ; -0.00908 V         ; 0.154 V                             ; 0.085 V                             ; 7.35e-10 s                 ; 7.15e-10 s                 ; Yes                       ; Yes                       ;
; Out1[11]      ; 2.5 V        ; 0 s                 ; 0 s                 ; 2.28 V                       ; 3.39e-05 V                   ; 2.29 V              ; -0.00905 V          ; 0.105 V                              ; 0.096 V                              ; 7.51e-10 s                  ; 7.28e-10 s                  ; Yes                        ; Yes                        ; 2.28 V                      ; 3.39e-05 V                  ; 2.29 V             ; -0.00905 V         ; 0.105 V                             ; 0.096 V                             ; 7.51e-10 s                 ; 7.28e-10 s                 ; Yes                       ; Yes                       ;
; Out1[12]      ; 2.5 V        ; 0 s                 ; 0 s                 ; 2.28 V                       ; 3.39e-05 V                   ; 2.29 V              ; -0.00905 V          ; 0.105 V                              ; 0.096 V                              ; 7.51e-10 s                  ; 7.28e-10 s                  ; Yes                        ; Yes                        ; 2.28 V                      ; 3.39e-05 V                  ; 2.29 V             ; -0.00905 V         ; 0.105 V                             ; 0.096 V                             ; 7.51e-10 s                 ; 7.28e-10 s                 ; Yes                       ; Yes                       ;
; Out1[13]      ; 2.5 V        ; 0 s                 ; 0 s                 ; 2.28 V                       ; 3.39e-05 V                   ; 2.29 V              ; -0.0095 V           ; 0.148 V                              ; 0.075 V                              ; 6.07e-10 s                  ; 5.93e-10 s                  ; Yes                        ; Yes                        ; 2.28 V                      ; 3.39e-05 V                  ; 2.29 V             ; -0.0095 V          ; 0.148 V                             ; 0.075 V                             ; 6.07e-10 s                 ; 5.93e-10 s                 ; Yes                       ; Yes                       ;
; Out1[14]      ; 2.5 V        ; 0 s                 ; 0 s                 ; 2.28 V                       ; 3.39e-05 V                   ; 2.29 V              ; -0.00908 V          ; 0.154 V                              ; 0.085 V                              ; 7.35e-10 s                  ; 7.15e-10 s                  ; Yes                        ; Yes                        ; 2.28 V                      ; 3.39e-05 V                  ; 2.29 V             ; -0.00908 V         ; 0.154 V                             ; 0.085 V                             ; 7.35e-10 s                 ; 7.15e-10 s                 ; Yes                       ; Yes                       ;
; Out1[15]      ; 2.5 V        ; 0 s                 ; 0 s                 ; 2.28 V                       ; 3.39e-05 V                   ; 2.29 V              ; -0.00908 V          ; 0.154 V                              ; 0.085 V                              ; 7.35e-10 s                  ; 7.15e-10 s                  ; Yes                        ; Yes                        ; 2.28 V                      ; 3.39e-05 V                  ; 2.29 V             ; -0.00908 V         ; 0.154 V                             ; 0.085 V                             ; 7.35e-10 s                 ; 7.15e-10 s                 ; Yes                       ; Yes                       ;
; ~ALTERA_nCEO~ ; 2.5 V        ; 0 s                 ; 0 s                 ; 2.28 V                       ; 3.99e-05 V                   ; 2.29 V              ; -0.0073 V           ; 0.123 V                              ; 0.105 V                              ; 6.6e-10 s                   ; 8.47e-10 s                  ; Yes                        ; Yes                        ; 2.28 V                      ; 3.99e-05 V                  ; 2.29 V             ; -0.0073 V          ; 0.123 V                             ; 0.105 V                             ; 6.6e-10 s                  ; 8.47e-10 s                 ; Yes                       ; Yes                       ;
+---------------+--------------+---------------------+---------------------+------------------------------+------------------------------+---------------------+---------------------+--------------------------------------+--------------------------------------+-----------------------------+-----------------------------+----------------------------+----------------------------+-----------------------------+-----------------------------+--------------------+--------------------+-------------------------------------+-------------------------------------+----------------------------+----------------------------+---------------------------+---------------------------+


+--------------------------------------------------------------------------------------------------------------------------------------------------------------------------------------------------------------------------------------------------------------------------------------------------------------------------------------------------------------------------------------------------------------------------------------------------------------------------------------------------------------------------------------------------------------------------------------------------------------------------------------------------------------------------------------------+
; Signal Integrity Metrics (Fast 900mv n40c Model)                                                                                                                                                                                                                                                                                                                                                                                                                                                                                                                                                                                                                                           ;
+---------------+--------------+---------------------+---------------------+------------------------------+------------------------------+---------------------+---------------------+--------------------------------------+--------------------------------------+-----------------------------+-----------------------------+----------------------------+----------------------------+-----------------------------+-----------------------------+--------------------+--------------------+-------------------------------------+-------------------------------------+----------------------------+----------------------------+---------------------------+---------------------------+
; Pin           ; I/O Standard ; Board Delay on Rise ; Board Delay on Fall ; Steady State Voh at FPGA Pin ; Steady State Vol at FPGA Pin ; Voh Max at FPGA Pin ; Vol Min at FPGA Pin ; Ringback Voltage on Rise at FPGA Pin ; Ringback Voltage on Fall at FPGA Pin ; 10-90 Rise Time at FPGA Pin ; 90-10 Fall Time at FPGA Pin ; Monotonic Rise at FPGA Pin ; Monotonic Fall at FPGA Pin ; Steady State Voh at Far-end ; Steady State Vol at Far-end ; Voh Max at Far-end ; Vol Min at Far-end ; Ringback Voltage on Rise at Far-end ; Ringback Voltage on Fall at Far-end ; 10-90 Rise Time at Far-end ; 90-10 Fall Time at Far-end ; Monotonic Rise at Far-end ; Monotonic Fall at Far-end ;
+---------------+--------------+---------------------+---------------------+------------------------------+------------------------------+---------------------+---------------------+--------------------------------------+--------------------------------------+-----------------------------+-----------------------------+----------------------------+----------------------------+-----------------------------+-----------------------------+--------------------+--------------------+-------------------------------------+-------------------------------------+----------------------------+----------------------------+---------------------------+---------------------------+
; ce_out        ; 2.5 V        ; 0 s                 ; 0 s                 ; 2.62 V                       ; 7.68e-08 V                   ; 2.68 V              ; -0.0394 V           ; 0.316 V                              ; 0.256 V                              ; 4.09e-10 s                  ; 3.98e-10 s                  ; No                         ; Yes                        ; 2.62 V                      ; 7.68e-08 V                  ; 2.68 V             ; -0.0394 V          ; 0.316 V                             ; 0.256 V                             ; 4.09e-10 s                 ; 3.98e-10 s                 ; No                        ; Yes                       ;
; Out1[0]       ; 2.5 V        ; 0 s                 ; 0 s                 ; 2.62 V                       ; 7.69e-08 V                   ; 2.68 V              ; -0.0427 V           ; 0.198 V                              ; 0.138 V                              ; 5.01e-10 s                  ; 4.77e-10 s                  ; No                         ; No                         ; 2.62 V                      ; 7.69e-08 V                  ; 2.68 V             ; -0.0427 V          ; 0.198 V                             ; 0.138 V                             ; 5.01e-10 s                 ; 4.77e-10 s                 ; No                        ; No                        ;
; Out1[1]       ; 2.5 V        ; 0 s                 ; 0 s                 ; 2.62 V                       ; 7.68e-08 V                   ; 2.68 V              ; -0.0394 V           ; 0.316 V                              ; 0.256 V                              ; 4.09e-10 s                  ; 3.98e-10 s                  ; No                         ; Yes                        ; 2.62 V                      ; 7.68e-08 V                  ; 2.68 V             ; -0.0394 V          ; 0.316 V                             ; 0.256 V                             ; 4.09e-10 s                 ; 3.98e-10 s                 ; No                        ; Yes                       ;
; Out1[2]       ; 2.5 V        ; 0 s                 ; 0 s                 ; 2.62 V                       ; 7.69e-08 V                   ; 2.68 V              ; -0.0427 V           ; 0.198 V                              ; 0.138 V                              ; 5.01e-10 s                  ; 4.77e-10 s                  ; No                         ; No                         ; 2.62 V                      ; 7.69e-08 V                  ; 2.68 V             ; -0.0427 V          ; 0.198 V                             ; 0.138 V                             ; 5.01e-10 s                 ; 4.77e-10 s                 ; No                        ; No                        ;
; Out1[3]       ; 2.5 V        ; 0 s                 ; 0 s                 ; 2.62 V                       ; 7.69e-08 V                   ; 2.68 V              ; -0.0427 V           ; 0.198 V                              ; 0.138 V                              ; 5.01e-10 s                  ; 4.77e-10 s                  ; No                         ; No                         ; 2.62 V                      ; 7.69e-08 V                  ; 2.68 V             ; -0.0427 V          ; 0.198 V                             ; 0.138 V                             ; 5.01e-10 s                 ; 4.77e-10 s                 ; No                        ; No                        ;
; Out1[4]       ; 2.5 V        ; 0 s                 ; 0 s                 ; 2.62 V                       ; 7.69e-08 V                   ; 2.68 V              ; -0.0427 V           ; 0.198 V                              ; 0.138 V                              ; 5.01e-10 s                  ; 4.77e-10 s                  ; No                         ; No                         ; 2.62 V                      ; 7.69e-08 V                  ; 2.68 V             ; -0.0427 V          ; 0.198 V                             ; 0.138 V                             ; 5.01e-10 s                 ; 4.77e-10 s                 ; No                        ; No                        ;
; Out1[5]       ; 2.5 V        ; 0 s                 ; 0 s                 ; 2.62 V                       ; 7.68e-08 V                   ; 2.68 V              ; -0.0394 V           ; 0.316 V                              ; 0.256 V                              ; 4.09e-10 s                  ; 3.98e-10 s                  ; No                         ; Yes                        ; 2.62 V                      ; 7.68e-08 V                  ; 2.68 V             ; -0.0394 V          ; 0.316 V                             ; 0.256 V                             ; 4.09e-10 s                 ; 3.98e-10 s                 ; No                        ; Yes                       ;
; Out1[6]       ; 2.5 V        ; 0 s                 ; 0 s                 ; 2.62 V                       ; 7.68e-08 V                   ; 2.68 V              ; -0.0394 V           ; 0.316 V                              ; 0.256 V                              ; 4.09e-10 s                  ; 3.98e-10 s                  ; No                         ; Yes                        ; 2.62 V                      ; 7.68e-08 V                  ; 2.68 V             ; -0.0394 V          ; 0.316 V                             ; 0.256 V                             ; 4.09e-10 s                 ; 3.98e-10 s                 ; No                        ; Yes                       ;
; Out1[7]       ; 2.5 V        ; 0 s                 ; 0 s                 ; 2.62 V                       ; 7.73e-08 V                   ; 2.68 V              ; -0.0451 V           ; 0.219 V                              ; 0.156 V                              ; 3.82e-10 s                  ; 3.64e-10 s                  ; No                         ; No                         ; 2.62 V                      ; 7.73e-08 V                  ; 2.68 V             ; -0.0451 V          ; 0.219 V                             ; 0.156 V                             ; 3.82e-10 s                 ; 3.64e-10 s                 ; No                        ; No                        ;
; Out1[8]       ; 2.5 V        ; 0 s                 ; 0 s                 ; 2.62 V                       ; 7.69e-08 V                   ; 2.68 V              ; -0.0427 V           ; 0.198 V                              ; 0.138 V                              ; 5.01e-10 s                  ; 4.77e-10 s                  ; No                         ; No                         ; 2.62 V                      ; 7.69e-08 V                  ; 2.68 V             ; -0.0427 V          ; 0.198 V                             ; 0.138 V                             ; 5.01e-10 s                 ; 4.77e-10 s                 ; No                        ; No                        ;
; Out1[9]       ; 2.5 V        ; 0 s                 ; 0 s                 ; 2.62 V                       ; 7.69e-08 V                   ; 2.68 V              ; -0.0427 V           ; 0.198 V                              ; 0.138 V                              ; 5.01e-10 s                  ; 4.77e-10 s                  ; No                         ; No                         ; 2.62 V                      ; 7.69e-08 V                  ; 2.68 V             ; -0.0427 V          ; 0.198 V                             ; 0.138 V                             ; 5.01e-10 s                 ; 4.77e-10 s                 ; No                        ; No                        ;
; Out1[10]      ; 2.5 V        ; 0 s                 ; 0 s                 ; 2.62 V                       ; 7.68e-08 V                   ; 2.68 V              ; -0.0394 V           ; 0.316 V                              ; 0.256 V                              ; 4.09e-10 s                  ; 3.98e-10 s                  ; No                         ; Yes                        ; 2.62 V                      ; 7.68e-08 V                  ; 2.68 V             ; -0.0394 V          ; 0.316 V                             ; 0.256 V                             ; 4.09e-10 s                 ; 3.98e-10 s                 ; No                        ; Yes                       ;
; Out1[11]      ; 2.5 V        ; 0 s                 ; 0 s                 ; 2.62 V                       ; 7.69e-08 V                   ; 2.68 V              ; -0.0427 V           ; 0.198 V                              ; 0.138 V                              ; 5.01e-10 s                  ; 4.77e-10 s                  ; No                         ; No                         ; 2.62 V                      ; 7.69e-08 V                  ; 2.68 V             ; -0.0427 V          ; 0.198 V                             ; 0.138 V                             ; 5.01e-10 s                 ; 4.77e-10 s                 ; No                        ; No                        ;
; Out1[12]      ; 2.5 V        ; 0 s                 ; 0 s                 ; 2.62 V                       ; 7.69e-08 V                   ; 2.68 V              ; -0.0427 V           ; 0.198 V                              ; 0.138 V                              ; 5.01e-10 s                  ; 4.77e-10 s                  ; No                         ; No                         ; 2.62 V                      ; 7.69e-08 V                  ; 2.68 V             ; -0.0427 V          ; 0.198 V                             ; 0.138 V                             ; 5.01e-10 s                 ; 4.77e-10 s                 ; No                        ; No                        ;
; Out1[13]      ; 2.5 V        ; 0 s                 ; 0 s                 ; 2.62 V                       ; 7.73e-08 V                   ; 2.68 V              ; -0.0451 V           ; 0.219 V                              ; 0.156 V                              ; 3.82e-10 s                  ; 3.64e-10 s                  ; No                         ; No                         ; 2.62 V                      ; 7.73e-08 V                  ; 2.68 V             ; -0.0451 V          ; 0.219 V                             ; 0.156 V                             ; 3.82e-10 s                 ; 3.64e-10 s                 ; No                        ; No                        ;
; Out1[14]      ; 2.5 V        ; 0 s                 ; 0 s                 ; 2.62 V                       ; 7.68e-08 V                   ; 2.68 V              ; -0.0394 V           ; 0.316 V                              ; 0.256 V                              ; 4.09e-10 s                  ; 3.98e-10 s                  ; No                         ; Yes                        ; 2.62 V                      ; 7.68e-08 V                  ; 2.68 V             ; -0.0394 V          ; 0.316 V                             ; 0.256 V                             ; 4.09e-10 s                 ; 3.98e-10 s                 ; No                        ; Yes                       ;
; Out1[15]      ; 2.5 V        ; 0 s                 ; 0 s                 ; 2.62 V                       ; 7.68e-08 V                   ; 2.68 V              ; -0.0394 V           ; 0.316 V                              ; 0.256 V                              ; 4.09e-10 s                  ; 3.98e-10 s                  ; No                         ; Yes                        ; 2.62 V                      ; 7.68e-08 V                  ; 2.68 V             ; -0.0394 V          ; 0.316 V                             ; 0.256 V                             ; 4.09e-10 s                 ; 3.98e-10 s                 ; No                        ; Yes                       ;
; ~ALTERA_nCEO~ ; 2.5 V        ; 0 s                 ; 0 s                 ; 2.62 V                       ; 9.03e-08 V                   ; 2.68 V              ; -0.0326 V           ; 0.275 V                              ; 0.222 V                              ; 4e-10 s                     ; 5.06e-10 s                  ; No                         ; Yes                        ; 2.62 V                      ; 9.03e-08 V                  ; 2.68 V             ; -0.0326 V          ; 0.275 V                             ; 0.222 V                             ; 4e-10 s                    ; 5.06e-10 s                 ; No                        ; Yes                       ;
+---------------+--------------+---------------------+---------------------+------------------------------+------------------------------+---------------------+---------------------+--------------------------------------+--------------------------------------+-----------------------------+-----------------------------+----------------------------+----------------------------+-----------------------------+-----------------------------+--------------------+--------------------+-------------------------------------+-------------------------------------+----------------------------+----------------------------+---------------------------+---------------------------+


+-------------------------------------------------------------------+
; Setup Transfers                                                   ;
+------------+----------+----------+----------+----------+----------+
; From Clock ; To Clock ; RR Paths ; FR Paths ; RF Paths ; FF Paths ;
+------------+----------+----------+----------+----------+----------+
; clk        ; clk      ; 5792037  ; 0        ; 64       ; 0        ;
+------------+----------+----------+----------+----------+----------+
Entries labeled "false path" only account for clock-to-clock false paths and not path-based false paths. As a result, actual path counts may be lower than reported.


+-------------------------------------------------------------------+
; Hold Transfers                                                    ;
+------------+----------+----------+----------+----------+----------+
; From Clock ; To Clock ; RR Paths ; FR Paths ; RF Paths ; FF Paths ;
+------------+----------+----------+----------+----------+----------+
; clk        ; clk      ; 5792037  ; 0        ; 64       ; 0        ;
+------------+----------+----------+----------+----------+----------+
Entries labeled "false path" only account for clock-to-clock false paths and not path-based false paths. As a result, actual path counts may be lower than reported.


+-------------------------------------------------------------------+
; Recovery Transfers                                                ;
+------------+----------+----------+----------+----------+----------+
; From Clock ; To Clock ; RR Paths ; FR Paths ; RF Paths ; FF Paths ;
+------------+----------+----------+----------+----------+----------+
; clk        ; clk      ; 500      ; 0        ; 0        ; 0        ;
+------------+----------+----------+----------+----------+----------+
Entries labeled "false path" only account for clock-to-clock false paths and not path-based false paths. As a result, actual path counts may be lower than reported.


+-------------------------------------------------------------------+
; Removal Transfers                                                 ;
+------------+----------+----------+----------+----------+----------+
; From Clock ; To Clock ; RR Paths ; FR Paths ; RF Paths ; FF Paths ;
+------------+----------+----------+----------+----------+----------+
; clk        ; clk      ; 500      ; 0        ; 0        ; 0        ;
+------------+----------+----------+----------+----------+----------+
Entries labeled "false path" only account for clock-to-clock false paths and not path-based false paths. As a result, actual path counts may be lower than reported.


---------------
; Report TCCS ;
---------------
No dedicated SERDES Transmitter circuitry present in device or used in design


---------------
; Report RSKM ;
---------------
No non-DPA dedicated SERDES Receiver circuitry present in device or used in design


+------------------------------------------------+
; Unconstrained Paths Summary                    ;
+---------------------------------+-------+------+
; Property                        ; Setup ; Hold ;
+---------------------------------+-------+------+
; Illegal Clocks                  ; 0     ; 0    ;
; Unconstrained Clocks            ; 0     ; 0    ;
; Unconstrained Input Ports       ; 0     ; 0    ;
; Unconstrained Input Port Paths  ; 0     ; 0    ;
; Unconstrained Output Ports      ; 0     ; 0    ;
; Unconstrained Output Port Paths ; 0     ; 0    ;
+---------------------------------+-------+------+


+-------------------------------------+
; Clock Status Summary                ;
+--------+-------+------+-------------+
; Target ; Clock ; Type ; Status      ;
+--------+-------+------+-------------+
; clk    ; clk   ; Base ; Constrained ;
+--------+-------+------+-------------+


+--------------------------+
; Timing Analyzer Messages ;
+--------------------------+
Info: *******************************************************************
Info: Running Quartus Prime Timing Analyzer
    Info: Version 22.1std.1 Build 917 02/14/2023 SC Lite Edition
    Info: Processing started: Mon May  8 17:42:26 2023
Info: Command: quartus_sta Farrow_filters -c Farrow_filters
Info: qsta_default_script.tcl version: #1
Warning (18236): Number of processors has not been specified which may cause overloading on shared machines.  Set the global assignment NUM_PARALLEL_PROCESSORS in your QSF to an appropriate value for best performance.
Info (20030): Parallel compilation is enabled and will use 2 of the 2 processors detected
Info (21076): High junction temperature operating condition is not set. Assuming a default value of '100'.
Info (21076): Low junction temperature operating condition is not set. Assuming a default value of '-40'.
Info (332104): Reading SDC File: 'farrow_filters.sdc'
Info (332151): Clock uncertainty is not calculated until you update the timing netlist.
Info (332123): Deriving Clock Uncertainty. Please refer to report_sdc in the Timing Analyzer to see clock uncertainties.
Info: Found TIMING_ANALYZER_REPORT_SCRIPT_INCLUDE_DEFAULT_ANALYSIS = ON
Info: Analyzing Slow 900mV 100C Model
Critical Warning (332148): Timing requirements not met
    Info (11105): For recommendations on closing timing, run Report Timing Closure Recommendations in the Timing Analyzer.
Info (332146): Worst-case setup slack is -4.846
    Info (332119):     Slack       End Point TNS Clock 
    Info (332119): ========= =================== =====================
    Info (332119):    -4.846            -420.775 clk 
Info (332146): Worst-case hold slack is 0.140
    Info (332119):     Slack       End Point TNS Clock 
    Info (332119): ========= =================== =====================
    Info (332119):     0.140               0.000 clk 
Info (332146): Worst-case recovery slack is 3.508
    Info (332119):     Slack       End Point TNS Clock 
    Info (332119): ========= =================== =====================
    Info (332119):     3.508               0.000 clk 
Info (332146): Worst-case removal slack is -0.112
    Info (332119):     Slack       End Point TNS Clock 
    Info (332119): ========= =================== =====================
    Info (332119):    -0.112             -25.851 clk 
Info (332146): Worst-case minimum pulse width slack is 1.154
    Info (332119):     Slack       End Point TNS Clock 
    Info (332119): ========= =================== =====================
    Info (332119):     1.154               0.000 clk 
Info: Analyzing Slow 900mV -40C Model
Info (334003): Started post-fitting delay annotation
Info (334004): Delay annotation completed successfully
Info (332123): Deriving Clock Uncertainty. Please refer to report_sdc in the Timing Analyzer to see clock uncertainties.
Critical Warning (332148): Timing requirements not met
    Info (11105): For recommendations on closing timing, run Report Timing Closure Recommendations in the Timing Analyzer.
Info (332146): Worst-case setup slack is -4.353
    Info (332119):     Slack       End Point TNS Clock 
    Info (332119): ========= =================== =====================
    Info (332119):    -4.353            -358.367 clk 
Info (332146): Worst-case hold slack is 0.151
    Info (332119):     Slack       End Point TNS Clock 
    Info (332119): ========= =================== =====================
    Info (332119):     0.151               0.000 clk 
Info (332146): Worst-case recovery slack is 3.575
    Info (332119):     Slack       End Point TNS Clock 
    Info (332119): ========= =================== =====================
    Info (332119):     3.575               0.000 clk 
Info (332146): Worst-case removal slack is -0.091
    Info (332119):     Slack       End Point TNS Clock 
    Info (332119): ========= =================== =====================
    Info (332119):    -0.091             -20.092 clk 
Info (332146): Worst-case minimum pulse width slack is 1.154
    Info (332119):     Slack       End Point TNS Clock 
    Info (332119): ========= =================== =====================
    Info (332119):     1.154               0.000 clk 
Info: Analyzing Fast 900mV -40C Model
Info (332123): Deriving Clock Uncertainty. Please refer to report_sdc in the Timing Analyzer to see clock uncertainties.
Info (332146): Worst-case setup slack is 0.275
    Info (332119):     Slack       End Point TNS Clock 
    Info (332119): ========= =================== =====================
    Info (332119):     0.275               0.000 clk 
Info (332146): Worst-case hold slack is 0.095
    Info (332119):     Slack       End Point TNS Clock 
    Info (332119): ========= =================== =====================
    Info (332119):     0.095               0.000 clk 
Info (332146): Worst-case recovery slack is 4.144
    Info (332119):     Slack       End Point TNS Clock 
    Info (332119): ========= =================== =====================
    Info (332119):     4.144               0.000 clk 
Critical Warning (332148): Timing requirements not met
    Info (11105): For recommendations on closing timing, run Report Timing Closure Recommendations in the Timing Analyzer.
Info (332146): Worst-case removal slack is -0.016
    Info (332119):     Slack       End Point TNS Clock 
    Info (332119): ========= =================== =====================
    Info (332119):    -0.016              -1.195 clk 
Info (332146): Worst-case minimum pulse width slack is 1.154
    Info (332119):     Slack       End Point TNS Clock 
    Info (332119): ========= =================== =====================
    Info (332119):     1.154               0.000 clk 
Info (21076): High junction temperature operating condition is not set. Assuming a default value of '100'.
Info (21076): Low junction temperature operating condition is not set. Assuming a default value of '-40'.
Info (332123): Deriving Clock Uncertainty. Please refer to report_sdc in the Timing Analyzer to see clock uncertainties.
Info (332101): Design is fully constrained for setup requirements
Info (332101): Design is fully constrained for hold requirements
Info: Quartus Prime Timing Analyzer was successful. 0 errors, 4 warnings
    Info: Peak virtual memory: 4914 megabytes
    Info: Processing ended: Mon May  8 17:42:31 2023
    Info: Elapsed time: 00:00:05
    Info: Total CPU time (on all processors): 00:00:04


